<?xml version="1.0" encoding="UTF-8"?>
<robot generator="Robot 7.1 (Python 3.12.2 on win32)" generated="2024-10-09T16:34:36.796591" rpa="false" schemaversion="5">
<suite id="s1" name="Fluxo Compra Po" source="c:\ITERASYS\RobotBlazeDemo140\tests\web\po\fluxo_compra_po.robot">
<test id="s1-t1" name="Fluxo de compra" line="5">
<kw name="Tirar Screenshot" owner="base_page">
<kw name="Capture Page Screenshot" owner="SeleniumLibrary">
<msg time="2024-10-09T16:34:37.229720" level="INFO">Cannot capture screenshot because no browser is open.</msg>
<arg>screenshots/RobotBlazeDemo140/${date}/${TEST_NAME}/${screenshot_name}.jpg</arg>
<doc>Takes a screenshot of the current page and embeds it into a log file.</doc>
<status status="PASS" start="2024-10-09T16:34:37.229720" elapsed="0.016861"/>
</kw>
<arg>1-Página inicial</arg>
<status status="PASS" start="2024-10-09T16:34:37.229720" elapsed="0.016861"/>
</kw>
<kw name="Selecionar departure city" owner="escolher_destino_page">
<kw name="Select From List By Value" owner="SeleniumLibrary">
<msg time="2024-10-09T16:34:37.246581" level="INFO">Selecting options from selection list 'name=fromPort' by value Paris.</msg>
<msg time="2024-10-09T16:34:37.246581" level="INFO">Cannot capture screenshot because no browser is open.</msg>
<msg time="2024-10-09T16:34:37.263064" level="FAIL">No browser is open.</msg>
<arg>${choose_departure_city}</arg>
<arg>${city_departure}</arg>
<doc>Selects options from selection list ``locator`` by ``values``.</doc>
<status status="FAIL" start="2024-10-09T16:34:37.246581" elapsed="0.025262">No browser is open.</status>
</kw>
<arg>Paris</arg>
<status status="FAIL" start="2024-10-09T16:34:37.246581" elapsed="0.025262">No browser is open.</status>
</kw>
<kw name="Selecionar destination city" owner="escolher_destino_page">
<arg>Buenos Aires</arg>
<status status="NOT RUN" start="2024-10-09T16:34:37.271843" elapsed="0.000000"/>
</kw>
<kw name="Tirar Screenshot" owner="base_page">
<arg>2-Origem e destino</arg>
<status status="NOT RUN" start="2024-10-09T16:34:37.279743" elapsed="0.000993"/>
</kw>
<kw name="Clicar no botao &quot;Find Flights&quot;" owner="escolher_destino_page">
<status status="NOT RUN" start="2024-10-09T16:34:37.282727" elapsed="0.000000"/>
</kw>
<kw name="Wait Until Element Is Visible" owner="SeleniumLibrary">
<arg>css=h3</arg>
<doc>Waits until the element ``locator`` is visible.</doc>
<status status="NOT RUN" start="2024-10-09T16:34:37.283726" elapsed="0.001001"/>
</kw>
<kw name="Element Text Should Be" owner="SeleniumLibrary">
<arg>${mensagem_segunda_pagina}</arg>
<arg>Flights from Boston to London:</arg>
<doc>Verifies that element ``locator`` contains exact the text ``expected``.</doc>
<status status="NOT RUN" start="2024-10-09T16:34:37.285724" elapsed="0.001001"/>
</kw>
<kw name="Tirar Screenshot" owner="base_page">
<arg>3-Página escolher voo</arg>
<status status="NOT RUN" start="2024-10-09T16:34:37.290721" elapsed="0.000000"/>
</kw>
<kw name="Clicar no botao &quot;Choose This Flight&quot;" owner="escolher_voo_page">
<status status="NOT RUN" start="2024-10-09T16:34:37.292721" elapsed="0.001065"/>
</kw>
<kw name="Wait Until Element Is Visible" owner="SeleniumLibrary">
<arg>css=h2</arg>
<doc>Waits until the element ``locator`` is visible.</doc>
<status status="NOT RUN" start="2024-10-09T16:34:37.296994" elapsed="0.000000"/>
</kw>
<kw name="Element Text Should Be" owner="SeleniumLibrary">
<arg>${mensagem_terceira_pagina}</arg>
<arg>Your flight from TLV to SFO has been reserved.</arg>
<doc>Verifies that element ``locator`` contains exact the text ``expected``.</doc>
<status status="NOT RUN" start="2024-10-09T16:34:37.296994" elapsed="0.000000"/>
</kw>
<kw name="Tirar Screenshot" owner="base_page">
<arg>4-Cadastro vazio</arg>
<status status="NOT RUN" start="2024-10-09T16:34:37.296994" elapsed="0.000000"/>
</kw>
<kw name="Preencher campo Name" owner="preencher_cadastro_page">
<arg>Maysa Campos</arg>
<status status="NOT RUN" start="2024-10-09T16:34:37.296994" elapsed="0.000000"/>
</kw>
<kw name="Preencher campo Adress" owner="preencher_cadastro_page">
<arg>Av Junho, 445</arg>
<status status="NOT RUN" start="2024-10-09T16:34:37.296994" elapsed="0.000000"/>
</kw>
<kw name="Preencher campo City" owner="preencher_cadastro_page">
<arg>Salvador</arg>
<status status="NOT RUN" start="2024-10-09T16:34:37.296994" elapsed="0.000000"/>
</kw>
<kw name="Preencher campo State" owner="preencher_cadastro_page">
<arg>Bahia</arg>
<status status="NOT RUN" start="2024-10-09T16:34:37.296994" elapsed="0.000000"/>
</kw>
<kw name="Preencher campo Zip Code" owner="preencher_cadastro_page">
<arg>3550000</arg>
<status status="NOT RUN" start="2024-10-09T16:34:37.323084" elapsed="0.000999"/>
</kw>
<kw name="Preencher Credit Card Number" owner="preencher_cadastro_page">
<arg>2234805020508585</arg>
<status status="NOT RUN" start="2024-10-09T16:34:37.347864" elapsed="0.000000"/>
</kw>
<kw name="Preencher campo Month" owner="preencher_cadastro_page">
<arg>10</arg>
<status status="NOT RUN" start="2024-10-09T16:34:37.347864" elapsed="0.000000"/>
</kw>
<kw name="Preencher campo Year" owner="preencher_cadastro_page">
<arg>2030</arg>
<status status="NOT RUN" start="2024-10-09T16:34:37.347864" elapsed="0.000000"/>
</kw>
<kw name="Preencher campo Name on Card" owner="preencher_cadastro_page">
<arg>Maysa Campos</arg>
<status status="NOT RUN" start="2024-10-09T16:34:37.347864" elapsed="0.000000"/>
</kw>
<kw name="Clicar em Remember me" owner="preencher_cadastro_page">
<status status="NOT RUN" start="2024-10-09T16:34:37.347864" elapsed="0.000000"/>
</kw>
<kw name="Tirar Screenshot" owner="base_page">
<arg>5-Cadastro preenchido</arg>
<status status="NOT RUN" start="2024-10-09T16:34:37.347864" elapsed="0.000000"/>
</kw>
<kw name="Clicar no botao &quot;Purchase Flight&quot;" owner="preencher_cadastro_page">
<status status="NOT RUN" start="2024-10-09T16:34:37.347864" elapsed="0.000000"/>
</kw>
<kw name="Wait Until Element Is Visible" owner="SeleniumLibrary">
<arg>css=h1</arg>
<doc>Waits until the element ``locator`` is visible.</doc>
<status status="NOT RUN" start="2024-10-09T16:34:37.362077" elapsed="0.000000"/>
</kw>
<kw name="Element Text Should Be" owner="SeleniumLibrary">
<arg>${mensagem_quarta_pagina}</arg>
<arg>Thank you for your purchase today!</arg>
<doc>Verifies that element ``locator`` contains exact the text ``expected``.</doc>
<status status="NOT RUN" start="2024-10-09T16:34:37.362837" elapsed="0.000000"/>
</kw>
<kw name="Tirar Screenshot" owner="base_page">
<arg>6-Página final</arg>
<status status="NOT RUN" start="2024-10-09T16:34:37.362837" elapsed="0.000000"/>
</kw>
<status status="FAIL" start="2024-10-09T16:34:37.229720" elapsed="0.287601">No browser is open.</status>
</test>
<status status="FAIL" start="2024-10-09T16:34:36.804930" elapsed="0.728020"/>
</suite>
<statistics>
<total>
<stat pass="0" fail="1" skip="0">All Tests</stat>
</total>
<tag>
</tag>
<suite>
<stat pass="0" fail="1" skip="0" id="s1" name="Fluxo Compra Po">Fluxo Compra Po</stat>
</suite>
</statistics>
<errors>
</errors>
</robot>
